<?xml version="1.0" encoding="UTF-8"?>
<!-- Generated by org.testng.reporters.JUnitXMLReporter -->
<testsuite ignored="0" hostname="LAPTOP-9D9RC2AB" failures="0" tests="10" name="Default test" time="0.098" errors="0" timestamp="2024-05-21T07:00:43 IST">
  <testcase classname="package1.Innovocationcount" name="add" time="0.008"/>
  <testcase classname="package1.Innovocationcount" name="add" time="0.002"/>
  <testcase classname="package1.Innovocationcount" name="add" time="0.002"/>
  <testcase classname="package1.Innovocationcount" name="add" time="0.003"/>
  <testcase classname="package1.Innovocationcount" name="add" time="0.001"/>
  <testcase classname="package1.Innovocationcount" name="add" time="0.001"/>
  <testcase classname="package1.Innovocationcount" name="add" time="0.002"/>
  <testcase classname="package1.Innovocationcount" name="add" time="0.001"/>
  <testcase classname="package1.Innovocationcount" name="add" time="0.002"/>
  <testcase classname="package1.Innovocationcount" name="add" time="0.001"/>
</testsuite> <!-- Default test -->
