<?xml version="1.0" encoding="UTF-8"?>
<testng-results ignored="0" total="10" passed="10" failed="0" skipped="0">
  <reporter-output>
  </reporter-output>
  <suite started-at="2024-05-21T07:00:43 IST" name="Default suite" finished-at="2024-05-21T07:00:43 IST" duration-ms="98">
    <groups>
    </groups>
    <test started-at="2024-05-21T07:00:43 IST" name="Default test" finished-at="2024-05-21T07:00:43 IST" duration-ms="98">
      <class name="package1.Innovocationcount">
        <test-method signature="add()[pri:0, instance:package1.Innovocationcount@33065d67]" started-at="2024-05-21T07:00:43 IST" name="add" finished-at="2024-05-21T07:00:43 IST" duration-ms="8" status="PASS">
          <reporter-output>
          </reporter-output>
        </test-method> <!-- add -->
        <test-method signature="add()[pri:0, instance:package1.Innovocationcount@33065d67]" started-at="2024-05-21T07:00:43 IST" name="add" finished-at="2024-05-21T07:00:43 IST" duration-ms="2" status="PASS">
          <reporter-output>
          </reporter-output>
        </test-method> <!-- add -->
        <test-method signature="add()[pri:0, instance:package1.Innovocationcount@33065d67]" started-at="2024-05-21T07:00:43 IST" name="add" finished-at="2024-05-21T07:00:43 IST" duration-ms="2" status="PASS">
          <reporter-output>
          </reporter-output>
        </test-method> <!-- add -->
        <test-method signature="add()[pri:0, instance:package1.Innovocationcount@33065d67]" started-at="2024-05-21T07:00:43 IST" name="add" finished-at="2024-05-21T07:00:43 IST" duration-ms="3" status="PASS">
          <reporter-output>
          </reporter-output>
        </test-method> <!-- add -->
        <test-method signature="add()[pri:0, instance:package1.Innovocationcount@33065d67]" started-at="2024-05-21T07:00:43 IST" name="add" finished-at="2024-05-21T07:00:43 IST" duration-ms="1" status="PASS">
          <reporter-output>
          </reporter-output>
        </test-method> <!-- add -->
        <test-method signature="add()[pri:0, instance:package1.Innovocationcount@33065d67]" started-at="2024-05-21T07:00:43 IST" name="add" finished-at="2024-05-21T07:00:43 IST" duration-ms="1" status="PASS">
          <reporter-output>
          </reporter-output>
        </test-method> <!-- add -->
        <test-method signature="add()[pri:0, instance:package1.Innovocationcount@33065d67]" started-at="2024-05-21T07:00:43 IST" name="add" finished-at="2024-05-21T07:00:43 IST" duration-ms="2" status="PASS">
          <reporter-output>
          </reporter-output>
        </test-method> <!-- add -->
        <test-method signature="add()[pri:0, instance:package1.Innovocationcount@33065d67]" started-at="2024-05-21T07:00:43 IST" name="add" finished-at="2024-05-21T07:00:43 IST" duration-ms="1" status="PASS">
          <reporter-output>
          </reporter-output>
        </test-method> <!-- add -->
        <test-method signature="add()[pri:0, instance:package1.Innovocationcount@33065d67]" started-at="2024-05-21T07:00:43 IST" name="add" finished-at="2024-05-21T07:00:43 IST" duration-ms="2" status="PASS">
          <reporter-output>
          </reporter-output>
        </test-method> <!-- add -->
        <test-method signature="add()[pri:0, instance:package1.Innovocationcount@33065d67]" started-at="2024-05-21T07:00:43 IST" name="add" finished-at="2024-05-21T07:00:43 IST" duration-ms="1" status="PASS">
          <reporter-output>
          </reporter-output>
        </test-method> <!-- add -->
      </class> <!-- package1.Innovocationcount -->
    </test> <!-- Default test -->
  </suite> <!-- Default suite -->
</testng-results>
